/pkgs/synopsys/G-2012.06/auxx/gui/dv/dv_setup.tcl
/pkgs/synopsys/G-2012.06/auxx/gui/syn/snpsSynProcs.tcl
/pkgs/synopsys/G-2012.06/auxx/tcllib/lib/tcl8.4/package.tcl
/pkgs/synopsys/G-2012.06/auxx/gui/syn/layout/pkgIndex.tcl
/pkgs/synopsys/G-2012.06/auxx/gui/common/layout/pkgIndex.tcl
/pkgs/synopsys/G-2012.06/auxx/gui/common/docBrowser/pkgIndex.tcl
/pkgs/synopsys/G-2012.06/auxx/gui/common/setup/pkgIndex.tcl
/pkgs/synopsys/G-2012.06/auxx/gui/common/strokes/pkgIndex.tcl
/pkgs/synopsys/G-2012.06/auxx/gui/common/menus/pkgIndex.tcl
/pkgs/synopsys/G-2012.06/auxx/gui/common/qtcl/pkgIndex.tcl
/pkgs/synopsys/G-2012.06/auxx/gui/common/select/pkgIndex.tcl
/pkgs/synopsys/G-2012.06/auxx/gui/common/dialogs/pkgIndex.tcl
/pkgs/synopsys/G-2012.06/auxx/gui/common/libviewer/pkgIndex.tcl
/pkgs/synopsys/G-2012.06/auxx/gui/common/timing/pkgIndex.tcl
/pkgs/synopsys/G-2012.06/auxx/gui/common/misc/pkgIndex.tcl
/pkgs/synopsys/G-2012.06/auxx/gui/common/schematic/pkgIndex.tcl
/pkgs/synopsys/G-2012.06/auxx/gui/common/profiler/pkgIndex.tcl
/pkgs/synopsys/G-2012.06/auxx/gui/common/highlight/pkgIndex.tcl
/pkgs/synopsys/G-2012.06/auxx/gui/common/pathinspector/pkgIndex.tcl
/pkgs/synopsys/G-2012.06/auxx/gui/common/view/pkgIndex.tcl
/pkgs/synopsys/G-2012.06/auxx/gui/common/hierarchy/pkgIndex.tcl
/pkgs/synopsys/G-2012.06/auxx/gui/common/histogram/pkgIndex.tcl
/pkgs/synopsys/G-2012.06/auxx/gui/common/tcl-dp/pkgIndex.tcl
/pkgs/synopsys/G-2012.06/auxx/gui/common/opdlg/pkgIndex.tcl
/pkgs/synopsys/G-2012.06/auxx/gui/common/regressionToolkit/pkgIndex.tcl
/pkgs/synopsys/G-2012.06/auxx/gui/common/WindowFrameWork/pkgIndex.tcl
/pkgs/synopsys/G-2012.06/auxx/gui/common/table/pkgIndex.tcl
/pkgs/synopsys/G-2012.06/auxx/gui/common/fanoutviewer/pkgIndex.tcl
/pkgs/synopsys/G-2012.06/auxx/gui/common/acg/pkgIndex.tcl
/pkgs/synopsys/G-2012.06/auxx/tcllib/snps_tcl/snpsTclPro/pkgIndex.tcl
/pkgs/synopsys/G-2012.06/auxx/tcllib/snps_tcl/snpsTest/pkgIndex.tcl
/pkgs/synopsys/G-2012.06/auxx/tcllib/snps_tcl/snpsUtils/pkgIndex.tcl
/pkgs/synopsys/G-2012.06/auxx/tcllib/snps_tcl/pkgIndex.tcl
/pkgs/synopsys/G-2012.06/auxx/tcllib/lib/tcl8.4/tcltest/pkgIndex.tcl
/pkgs/synopsys/G-2012.06/auxx/tcllib/lib/tcl8.4/http1.0/pkgIndex.tcl
/pkgs/synopsys/G-2012.06/auxx/tcllib/lib/tcl8.4/reg/pkgIndex.tcl
/pkgs/synopsys/G-2012.06/auxx/tcllib/lib/tcl8.4/msgcat/pkgIndex.tcl
/pkgs/synopsys/G-2012.06/auxx/tcllib/lib/tcl8.4/http/pkgIndex.tcl
/pkgs/synopsys/G-2012.06/auxx/tcllib/lib/tcl8.4/opt/pkgIndex.tcl
/pkgs/synopsys/G-2012.06/auxx/tcllib/lib/tcl8.4/dde/pkgIndex.tcl
/pkgs/synopsys/G-2012.06/auxx/gui/common/setup/snpsCommonSetup.tcl
/pkgs/synopsys/G-2012.06/auxx/gui/common/setup/snpsCustomize.tcl
/pkgs/synopsys/G-2012.06/auxx/gui/common/setup/snpsProcheck.tcl
/pkgs/synopsys/G-2012.06/auxx/gui/common/qtcl/.synopsys_qtcl.tcl
/pkgs/synopsys/G-2012.06/auxx/gui/common/highlight/highlight.tcl
/pkgs/synopsys/G-2012.06/auxx/gui/common/misc/base.tcl
/pkgs/synopsys/G-2012.06/auxx/gui/common/misc/timing.tcl
/pkgs/synopsys/G-2012.06/auxx/gui/common/misc/setting.tcl
/pkgs/synopsys/G-2012.06/auxx/gui/common/docBrowser/docBrowser.tcl
/pkgs/synopsys/G-2012.06/auxx/tcllib/snps_tcl/snpsUtils/snpsUtils.tcl
/pkgs/synopsys/G-2012.06/auxx/gui/common/WindowFrameWork/windowFrameWork.tcl
/pkgs/synopsys/G-2012.06/auxx/gui/common/WindowFrameWork/skipBusyCursorCmdList.tcl
/pkgs/synopsys/G-2012.06/auxx/gui/common/dialogs/ObjectChooser.tcl
/pkgs/synopsys/G-2012.06/auxx/gui/common/misc/DialogObjectChooser.tcl
/pkgs/synopsys/G-2012.06/auxx/gui/common/dialogs/HistBinInformation.tcl
/pkgs/synopsys/G-2012.06/auxx/gui/common/dialogs/HistBin1Information.tcl
/pkgs/synopsys/G-2012.06/auxx/gui/common/dialogs/BinsOnlyInformation.tcl
/pkgs/synopsys/G-2012.06/auxx/gui/common/dialogs/FileChooser.tcl
/pkgs/synopsys/G-2012.06/auxx/gui/common/dialogs/PathPinSimpleInfo.tcl
/pkgs/synopsys/G-2012.06/auxx/gui/common/dialogs/PathsBasicInfo.tcl
/pkgs/synopsys/G-2012.06/auxx/gui/common/dialogs/PathsBasicSimpleInfo.tcl
/pkgs/synopsys/G-2012.06/auxx/gui/common/dialogs/SlctOperationInfo.tcl
/pkgs/synopsys/G-2012.06/auxx/gui/common/dialogs/ObjectListInfo.tcl
/pkgs/synopsys/G-2012.06/auxx/gui/common/dialogs/FanInOutInfo.tcl
/pkgs/synopsys/G-2012.06/auxx/gui/common/dialogs/NumberOfLevelsChooser.tcl
/pkgs/synopsys/G-2012.06/auxx/gui/common/dialogs/WindowReuseInfo.tcl
/pkgs/synopsys/G-2012.06/auxx/gui/common/dialogs/ReportOutputOptionInfo.tcl
/pkgs/synopsys/G-2012.06/auxx/gui/common/setup/snpsCollections.tcl
/pkgs/synopsys/G-2012.06/auxx/gui/common/dialogs/CompileLinkDesign.tcl
/pkgs/synopsys/G-2012.06/auxx/gui/common/histogram/DialogEndpointSlack.tcl
/pkgs/synopsys/G-2012.06/auxx/gui/common/histogram/DialogPathsSlack.tcl
/pkgs/synopsys/G-2012.06/auxx/gui/common/histogram/DialogNetCapacitance.tcl
/pkgs/synopsys/G-2012.06/auxx/gui/common/schematic/DialogPathSchematicFanInOut.tcl
/pkgs/synopsys/G-2012.06/auxx/gui/common/schematic/DialogPathSchematicAddPaths.tcl
/home/abfouts/common/Documents/ece581_abfouts_project3/stage2/task2/MY_DESIGN/osu05_stdcells.db
/pkgs/synopsys/G-2012.06/libraries/syn/gtech.db
/pkgs/synopsys/G-2012.06/libraries/syn/standard.sldb
/home/abfouts/common/Documents/ece581_abfouts_project3/stage2/task2/MY_DESIGN/MY_DESIGN.v
/u/abfouts/synopsys_cache_G-2012.06/DW01/DW01_add/rpl/5/generic_5019_8167_8167/element.ddc
/u/abfouts/synopsys_cache_G-2012.06/DW01/DW01_add/cla/5/generic_5019_8167_8167/element.ddc
/u/abfouts/synopsys_cache_G-2012.06/DW01/DW01_add/rpl/5/generic_5019/element.ddc
